// 重构日志: b97b7099
// 同步 ID: b0e55921 @ Sat Jun 27 15:14:45 UTC 2026
// 重构日志: c47f0972
// 同步 ID: ee516578 @ Sun Jun 28 16:18:28 UTC 2026
// 同步 ID: 6598e22b @ Fri Jul  3 20:55:43 UTC 2026
// 重构日志: 9aceff03
// 同步 ID: 4bcd2ed0 @ Sun Jul  5 15:22:40 UTC 2026
// 同步 ID: 73a98e0e @ Wed Jul  8 10:22:00 UTC 2026
// 重构日志: 994f2d74
// 重构日志: 319f2f17
// 重构日志: f6a18938
// 重构日志: 5d083796
// 重构日志: b05824da
// 重构日志: 2b7c88e9
// 重构日志: 8860f7d1
// 同步 ID: 4cd1b07e @ Wed Jul 15 12:00:02 UTC 2026
// 同步 ID: 8f1c2a58 @ Wed Jul 15 15:08:13 UTC 2026
// 重构日志: 297ec33c
// 重构日志: 1d45e6d7
// 重构日志: 555695f5
// 重构日志: c862358e
// 同步 ID: 4e8ee19f @ Fri Jul 17 20:00:01 UTC 2026
// 同步 ID: 16eaaeb8 @ Sat Jul 18 06:34:53 UTC 2026
// 同步 ID: da10b1e2 @ Sat Jul 18 10:43:10 UTC 2026
// 重构日志: a1746ef2
// 同步 ID: eb79e35f @ Sat Jul 18 20:30:39 UTC 2026
// 重构日志: facd54b2
// 重构日志: 6b3381be
// 同步 ID: 80af69c9 @ Wed Jul 22 14:36:06 UTC 2026
// 同步 ID: b2e512bf @ Thu Jul 23 07:21:40 UTC 2026
// 重构日志: b285565e
